#
# A fatal error has been detected by the Java Runtime Environment:
#
#  SIGSEGV (0xb) at pc=0x00007fda0a1f4401, pid=13032, tid=13048
#
# JRE version: OpenJDK Runtime Environment (11.0.3+7) (build 11.0.3+7-Ubuntu-1ubuntu218.04.1)
# Java VM: OpenJDK 64-Bit Server VM (11.0.3+7-Ubuntu-1ubuntu218.04.1, mixed mode, sharing, tiered, compressed oops, g1 gc, linux-amd64)
# Problematic frame:
# C  [libjimage.so+0x2401]
#
# Core dump will be written. Default location: Core dumps may be processed with "/lib/systemd/systemd-coredump %P %u %g %s %t 9223372036854775808 %e" (or dumping to /home/gabriel/eclipse-workspace/Jogo_da_forca/core.13032)
#
# If you would like to submit a bug report, please visit:
#   http://bugreport.java.com/bugreport/crash.jsp
#

---------------  S U M M A R Y ------------

Command Line: -agentlib:jdwp=transport=dt_socket,suspend=y,address=localhost:41809 -javaagent:/home/gabriel/Documentos/Softwares/eclipse/java-2019-09/eclipse/configuration/org.eclipse.osgi/223/0/.cp/lib/javaagent-shaded.jar -Dfile.encoding=UTF-8 Jogo

Host: Intel(R) Celeron(R) CPU  N3060  @ 1.60GHz, 2 cores, 3G, Linux Mint 19.2 Tina
Time: Fri Nov 15 12:58:07 2019 -02 elapsed time: 32 seconds (0d 0h 0m 32s)

---------------  T H R E A D  ---------------

Current thread (0x00007fda04120800):  JavaThread "Signal Dispatcher" daemon [_thread_in_vm, id=13048, stack(0x00007fd9e4c06000,0x00007fd9e4d07000)]

Stack: [0x00007fd9e4c06000,0x00007fd9e4d07000],  sp=0x00007fd9e4d04140,  free space=1016k
Native frames: (J=compiled Java code, A=aot compiled Java code, j=interpreted, Vv=VM code, C=native code)
C  [libjimage.so+0x2401]
C  [libjimage.so+0x30da]
C  [libjimage.so+0x35b6]  JIMAGE_FindResource+0xd6
V  [libjvm.so+0x590dde]